<?xml version="1.0" encoding="UTF-8"?>
<!-- Generated by org.testng.reporters.JUnitReportReporter -->
<testsuite name="testScripts.BaseTest" tests="1" time="20.217" ignored="0" failures="0" timestamp="21 Jun 2020 07:10:45 GMT" skipped="0" hostname="rosh.local" errors="0">
  <testcase name="beforeTest" time="20.217" classname="testScripts.BaseTest"/>
</testsuite> <!-- testScripts.BaseTest -->
