<?xml version="1.0" encoding="UTF-8"?>
<!-- Generated by org.testng.reporters.JUnitReportReporter -->
<testsuite name="testScripts.LoginTest" tests="1" time="0.500" ignored="0" failures="0" timestamp="21 Jun 2020 04:06:37 GMT" skipped="0" hostname="rosh.local" errors="0">
  <testcase name="loginTest" time="0.500" classname="testScripts.LoginTest"/>
</testsuite> <!-- testScripts.LoginTest -->
